Removed Pin From Net: NetName=GND Pin=5vinput-1
Removed Pin From Net: NetName=Net7805_3 Pin=P?-2
Removed Pin From Net: NetName=NetDT1_1 Pin=P?-4
Removed Member From Class: ClassName=Sheet1 Member=5vinput
Removed Member From Class: ClassName=Sheet1 Member=P?
Added Component: Designator=J?(KLD-0202)
Added Component: Designator=P1(HDR1X3)
Added Component: Designator=P2(HDR1X3)
Added Pin To Net: NetName=GND Pin=J?-3A
Added Pin To Net: NetName=GND Pin=J?-3B
Added Pin To Net: NetName=GND Pin=J?-3
Added Pin To Net: NetName=NetDT1_1 Pin=P1-2
Added Pin To Net: NetName=Net7805_3 Pin=P1-3
Added Pin To Net: NetName=Net7805_1 Pin=7805-1
Added Pin To Net: NetName=Net7805_1 Pin=C1-1
Added Pin To Net: NetName=Net7805_1 Pin=J?-2
Added Pin To Net: NetName=Net7805_1 Pin=J?-2A
Added Pin To Net: NetName=Net7805_1 Pin=J?-2B
Added Net: Name=Net7805_1
Added Pin To Net: NetName=NetJ?_1 Pin=J?-1
Added Pin To Net: NetName=NetJ?_1 Pin=J?-1A
Added Pin To Net: NetName=NetJ?_1 Pin=J?-1B
Added Net: Name=NetJ?_1
Added Member To Class: ClassName=Sheet1 Member=Component J? PWR2.5
Added Member To Class: ClassName=Sheet1 Member=Component R2 Res2
